This file contains any messages produced by compilers while
running configure, to aid debugging if configure makes a mistake.

It was created by extundelete configure 0.2.4, which was
generated by GNU Autoconf 2.68.  Invocation command line was

  $ ./configure --build=x86_64-linux-gnu --host=arm-linux-androideabi

## --------- ##
## Platform. ##
## --------- ##

hostname = Veda
uname -m = x86_64
uname -r = 5.3.13-arch1-1
uname -s = Linux
uname -v = #1 SMP PREEMPT Sun, 24 Nov 2019 10:15:50 +0000

/usr/bin/uname -p = unknown
/bin/uname -X     = unknown

/bin/arch              = unknown
/usr/bin/arch -k       = unknown
/usr/convex/getsysinfo = unknown
/usr/bin/hostinfo      = unknown
/bin/machine           = unknown
/usr/bin/oslevel       = unknown
/bin/universe          = unknown

PATH: /opt/jython/bin/
PATH: /usr/local/sbin
PATH: /usr/local/bin
PATH: /usr/bin
PATH: /opt/android-ndk
PATH: /opt/android-sdk/platform-tools
PATH: /opt/android-sdk/tools
PATH: /opt/android-sdk/tools/bin
PATH: /opt/cuda/bin
PATH: /usr/lib/jvm/default/bin
PATH: /usr/bin/site_perl
PATH: /usr/bin/vendor_perl
PATH: /usr/bin/core_perl
PATH: /opt/android-sdk/emulator
PATH: /opt/android-sdk/tools
PATH: /home/exiahan/.gem/ruby/2.3.0/bin
PATH: /home/exiahan/Applications/apktool
PATH: /home/exiahan/Applications/nmplocal/node_modules/.bin
PATH: /home/exiahan/Applications/flutter/flutter/bin/
PATH: /home/exiahan/Applications/ExiaHanScripts/
PATH: /opt/android-sdk/emulator
PATH: /opt/android-sdk/tools
PATH: /home/exiahan/.gem/ruby/2.3.0/bin
PATH: /home/exiahan/Applications/apktool
PATH: /home/exiahan/Applications/nmplocal/node_modules/.bin
PATH: /home/exiahan/Applications/flutter/flutter/bin/
PATH: /home/exiahan/Applications/ExiaHanScripts/
PATH: /home/exiahan/Applications/android/ndktoolchain32/bin


## ----------- ##
## Core tests. ##
## ----------- ##

configure:2271: checking for a BSD-compatible install
configure:2339: result: /usr/bin/install -c
configure:2350: checking whether build environment is sane
configure:2400: result: yes
configure:2449: checking for arm-linux-androideabi-strip
configure:2476: result: arm-linux-androideabi-strip
configure:2541: checking for a thread-safe mkdir -p
configure:2580: result: /usr/bin/mkdir -p
configure:2593: checking for gawk
configure:2609: found /usr/bin/gawk
configure:2620: result: gawk
configure:2631: checking whether make sets $(MAKE)
configure:2653: result: yes
configure:2852: checking for C++ compiler version
configure:2861: arm-linux-androideabi-g++ --version >&5
arm-linux-androideabi-g++ (GCC) 4.9.x 20150123 (prerelease)
Copyright (C) 2014 Free Software Foundation, Inc.
This is free software; see the source for copying conditions.  There is NO
warranty; not even for MERCHANTABILITY or FITNESS FOR A PARTICULAR PURPOSE.

configure:2872: $? = 0
configure:2861: arm-linux-androideabi-g++ -v >&5
Using built-in specs.
COLLECT_GCC=arm-linux-androideabi-g++
COLLECT_LTO_WRAPPER=/home/exiahan/Applications/android/ndktoolchain32/bin/../libexec/gcc/arm-linux-androideabi/4.9.x/lto-wrapper
Target: arm-linux-androideabi
Configured with: /usr/local/google/buildbot/src/android/gcc/toolchain/build/../gcc/gcc-4.9/configure --prefix=/tmp/1f702185e9cc53b747a5c4e1441c9254 --target=arm-linux-androideabi --host=x86_64-linux-gnu --build=x86_64-linux-gnu --with-gnu-as --with-gnu-ld --enable-languages=c,c++ --with-gmp=/buildbot/tmp/build/toolchain/temp-install --with-mpfr=/buildbot/tmp/build/toolchain/temp-install --with-mpc=/buildbot/tmp/build/toolchain/temp-install --with-cloog=/buildbot/tmp/build/toolchain/temp-install --with-isl=/buildbot/tmp/build/toolchain/temp-install --with-ppl=/buildbot/tmp/build/toolchain/temp-install --disable-ppl-version-check --disable-cloog-version-check --disable-isl-version-check --enable-cloog-backend=isl --with-host-libstdcxx='-static-libgcc -Wl,-Bstatic,-lstdc++,-Bdynamic -lm' --disable-libssp --enable-threads --disable-nls --disable-libmudflap --disable-libgomp --disable-libstdc__-v3 --disable-sjlj-exceptions --disable-shared --disable-tls --disable-libitm --with-float=soft --with-fpu=vfp --with-arch=armv5te --enable-target-optspace --enable-bionic-libs --enable-libatomic-ifuncs=no --enable-initfini-array --disable-nls --prefix=/tmp/1f702185e9cc53b747a5c4e1441c9254 --with-sysroot=/tmp/1f702185e9cc53b747a5c4e1441c9254/sysroot --with-binutils-version=2.27 --with-mpfr-version=3.1.1 --with-mpc-version=1.0.1 --with-gmp-version=5.0.5 --with-gcc-version=4.9 --with-gdb-version=none --with-gxx-include-dir=/tmp/1f702185e9cc53b747a5c4e1441c9254/include/c++/4.9.x --with-bugurl=http://source.android.com/source/report-bugs.html --enable-languages=c,c++ --disable-bootstrap --enable-plugins --enable-libgomp --enable-gnu-indirect-function --disable-libsanitizer --enable-gold --enable-threads --enable-eh-frame-hdr-for-static --enable-graphite=yes --with-isl-version=0.11.1 --with-cloog-version=0.18.0 --with-arch=armv5te --program-transform-name='s&^&arm-linux-androideabi-&' --enable-gold=default
Thread model: posix
gcc version 4.9.x 20150123 (prerelease) (GCC) 
configure:2872: $? = 0
configure:2861: arm-linux-androideabi-g++ -V >&5
arm-linux-androideabi-g++: error: unrecognized command line option '-V'
arm-linux-androideabi-g++: fatal error: no input files
compilation terminated.
configure:2872: $? = 1
configure:2861: arm-linux-androideabi-g++ -qversion >&5
arm-linux-androideabi-g++: error: unrecognized command line option '-qversion'
arm-linux-androideabi-g++: fatal error: no input files
compilation terminated.
configure:2872: $? = 1
configure:2892: checking whether the C++ compiler works
configure:2914: arm-linux-androideabi-g++   -pie conftest.cpp  >&5
configure:2918: $? = 0
configure:2966: result: yes
configure:2969: checking for C++ compiler default output file name
configure:2971: result: a.out
configure:2977: checking for suffix of executables
configure:2984: arm-linux-androideabi-g++ -o conftest   -pie conftest.cpp  >&5
configure:2988: $? = 0
configure:3010: result: 
configure:3032: checking whether we are cross compiling
configure:3070: result: yes
configure:3075: checking for suffix of object files
configure:3097: arm-linux-androideabi-g++ -c   conftest.cpp >&5
configure:3101: $? = 0
configure:3122: result: o
configure:3126: checking whether we are using the GNU C++ compiler
configure:3145: arm-linux-androideabi-g++ -c   conftest.cpp >&5
configure:3145: $? = 0
configure:3154: result: yes
configure:3163: checking whether arm-linux-androideabi-g++ accepts -g
configure:3183: arm-linux-androideabi-g++ -c -g  conftest.cpp >&5
configure:3183: $? = 0
configure:3224: result: yes
configure:3258: checking for style of include used by make
configure:3286: result: GNU
configure:3312: checking dependency style of arm-linux-androideabi-g++
configure:3423: result: gcc3
configure:3446: checking for arm-linux-androideabi-gcc
configure:3473: result: arm-linux-androideabi-gcc
configure:3742: checking for C compiler version
configure:3751: arm-linux-androideabi-gcc --version >&5
arm-linux-androideabi-gcc (GCC) 4.9.x 20150123 (prerelease)
Copyright (C) 2014 Free Software Foundation, Inc.
This is free software; see the source for copying conditions.  There is NO
warranty; not even for MERCHANTABILITY or FITNESS FOR A PARTICULAR PURPOSE.

configure:3762: $? = 0
configure:3751: arm-linux-androideabi-gcc -v >&5
Using built-in specs.
COLLECT_GCC=arm-linux-androideabi-gcc
COLLECT_LTO_WRAPPER=/home/exiahan/Applications/android/ndktoolchain32/bin/../libexec/gcc/arm-linux-androideabi/4.9.x/lto-wrapper
Target: arm-linux-androideabi
Configured with: /usr/local/google/buildbot/src/android/gcc/toolchain/build/../gcc/gcc-4.9/configure --prefix=/tmp/1f702185e9cc53b747a5c4e1441c9254 --target=arm-linux-androideabi --host=x86_64-linux-gnu --build=x86_64-linux-gnu --with-gnu-as --with-gnu-ld --enable-languages=c,c++ --with-gmp=/buildbot/tmp/build/toolchain/temp-install --with-mpfr=/buildbot/tmp/build/toolchain/temp-install --with-mpc=/buildbot/tmp/build/toolchain/temp-install --with-cloog=/buildbot/tmp/build/toolchain/temp-install --with-isl=/buildbot/tmp/build/toolchain/temp-install --with-ppl=/buildbot/tmp/build/toolchain/temp-install --disable-ppl-version-check --disable-cloog-version-check --disable-isl-version-check --enable-cloog-backend=isl --with-host-libstdcxx='-static-libgcc -Wl,-Bstatic,-lstdc++,-Bdynamic -lm' --disable-libssp --enable-threads --disable-nls --disable-libmudflap --disable-libgomp --disable-libstdc__-v3 --disable-sjlj-exceptions --disable-shared --disable-tls --disable-libitm --with-float=soft --with-fpu=vfp --with-arch=armv5te --enable-target-optspace --enable-bionic-libs --enable-libatomic-ifuncs=no --enable-initfini-array --disable-nls --prefix=/tmp/1f702185e9cc53b747a5c4e1441c9254 --with-sysroot=/tmp/1f702185e9cc53b747a5c4e1441c9254/sysroot --with-binutils-version=2.27 --with-mpfr-version=3.1.1 --with-mpc-version=1.0.1 --with-gmp-version=5.0.5 --with-gcc-version=4.9 --with-gdb-version=none --with-gxx-include-dir=/tmp/1f702185e9cc53b747a5c4e1441c9254/include/c++/4.9.x --with-bugurl=http://source.android.com/source/report-bugs.html --enable-languages=c,c++ --disable-bootstrap --enable-plugins --enable-libgomp --enable-gnu-indirect-function --disable-libsanitizer --enable-gold --enable-threads --enable-eh-frame-hdr-for-static --enable-graphite=yes --with-isl-version=0.11.1 --with-cloog-version=0.18.0 --with-arch=armv5te --program-transform-name='s&^&arm-linux-androideabi-&' --enable-gold=default
Thread model: posix
gcc version 4.9.x 20150123 (prerelease) (GCC) 
configure:3762: $? = 0
configure:3751: arm-linux-androideabi-gcc -V >&5
arm-linux-androideabi-gcc: error: unrecognized command line option '-V'
arm-linux-androideabi-gcc: fatal error: no input files
compilation terminated.
configure:3762: $? = 1
configure:3751: arm-linux-androideabi-gcc -qversion >&5
arm-linux-androideabi-gcc: error: unrecognized command line option '-qversion'
arm-linux-androideabi-gcc: fatal error: no input files
compilation terminated.
configure:3762: $? = 1
configure:3766: checking whether we are using the GNU C compiler
configure:3785: arm-linux-androideabi-gcc -c -fPIE -fPIC  conftest.c >&5
configure:3785: $? = 0
configure:3794: result: yes
configure:3803: checking whether arm-linux-androideabi-gcc accepts -g
configure:3823: arm-linux-androideabi-gcc -c -g  conftest.c >&5
configure:3823: $? = 0
configure:3864: result: yes
configure:3881: checking for arm-linux-androideabi-gcc option to accept ISO C89
configure:3945: arm-linux-androideabi-gcc  -c -fPIE -fPIC  conftest.c >&5
configure:3945: $? = 0
configure:3958: result: none needed
configure:3980: checking dependency style of arm-linux-androideabi-gcc
configure:4091: result: gcc3
configure:4114: checking whether C compiler accepts -g
configure:4133: arm-linux-androideabi-gcc -c -g  conftest.c >&5
configure:4133: $? = 0
configure:4143: result: yes
configure:4151: checking whether C compiler accepts -O2
configure:4170: arm-linux-androideabi-gcc -c -O2  conftest.c >&5
configure:4170: $? = 0
configure:4180: result: yes
configure:4188: checking whether C compiler accepts -std=c99
configure:4203: arm-linux-androideabi-gcc -c -std=c99  conftest.c >&5
configure:4203: $? = 0
configure:4211: result: yes
configure:4219: checking whether C compiler accepts -Wall
configure:4238: arm-linux-androideabi-gcc -c -Wall  conftest.c >&5
configure:4238: $? = 0
configure:4248: result: yes
configure:4256: checking whether C compiler accepts -W
configure:4275: arm-linux-androideabi-gcc -c -W  conftest.c >&5
configure:4275: $? = 0
configure:4285: result: yes
configure:4293: checking whether C compiler accepts -pedantic
configure:4312: arm-linux-androideabi-gcc -c -pedantic  conftest.c >&5
configure:4312: $? = 0
configure:4322: result: yes
configure:4330: checking whether C compiler accepts -Wredundant-decls
configure:4349: arm-linux-androideabi-gcc -c -Wredundant-decls  conftest.c >&5
configure:4349: $? = 0
configure:4359: result: yes
configure:4367: checking whether C compiler accepts -Wshadow
configure:4386: arm-linux-androideabi-gcc -c -Wshadow  conftest.c >&5
configure:4386: $? = 0
configure:4396: result: yes
configure:4404: checking whether C compiler accepts -Wpointer-arith
configure:4423: arm-linux-androideabi-gcc -c -Wpointer-arith  conftest.c >&5
configure:4423: $? = 0
configure:4433: result: yes
configure:4441: checking whether C compiler accepts -Wwrite-strings
configure:4460: arm-linux-androideabi-gcc -c -Wwrite-strings  conftest.c >&5
configure:4460: $? = 0
configure:4470: result: yes
configure:4478: checking whether C compiler accepts -Winit-self
configure:4497: arm-linux-androideabi-gcc -c -Winit-self  conftest.c >&5
configure:4497: $? = 0
configure:4507: result: yes
configure:4515: checking whether C compiler accepts -Wconversion
configure:4534: arm-linux-androideabi-gcc -c -Wconversion  conftest.c >&5
configure:4534: $? = 0
configure:4544: result: yes
configure:4552: checking whether C compiler accepts -pg
configure:4571: arm-linux-androideabi-gcc -c -pg  conftest.c >&5
configure:4571: $? = 0
configure:4581: result: yes
configure:4589: checking whether C compiler accepts -O3
configure:4608: arm-linux-androideabi-gcc -c -O3  conftest.c >&5
configure:4608: $? = 0
configure:4618: result: yes
configure:4634: checking whether C++ compiler accepts -g
configure:4653: arm-linux-androideabi-g++ -c -g  conftest.cpp >&5
configure:4653: $? = 0
configure:4663: result: yes
configure:4671: checking whether C++ compiler accepts -O2
configure:4690: arm-linux-androideabi-g++ -c -O2  conftest.cpp >&5
configure:4690: $? = 0
configure:4700: result: yes
configure:4708: checking whether C++ compiler accepts -std=c++0x
configure:4723: arm-linux-androideabi-g++ -c -std=c++0x  conftest.cpp >&5
configure:4723: $? = 0
configure:4731: result: yes
configure:4739: checking whether C++ compiler accepts -std=c++11
configure:4754: arm-linux-androideabi-g++ -c -std=c++11  conftest.cpp >&5
configure:4754: $? = 0
configure:4762: result: yes
configure:4770: checking whether C++ compiler accepts -W
configure:4789: arm-linux-androideabi-g++ -c -W  conftest.cpp >&5
configure:4789: $? = 0
configure:4799: result: yes
configure:4807: checking whether C++ compiler accepts -Wall
configure:4826: arm-linux-androideabi-g++ -c -Wall  conftest.cpp >&5
configure:4826: $? = 0
configure:4836: result: yes
configure:4844: checking whether C++ compiler accepts -std=c++0x -pedantic
configure:4859: arm-linux-androideabi-g++ -c -std=c++0x -pedantic  conftest.cpp >&5
configure:4859: $? = 0
configure:4867: result: yes
configure:4875: checking whether C++ compiler accepts -std=c++11 -pedantic
configure:4890: arm-linux-androideabi-g++ -c -std=c++11 -pedantic  conftest.cpp >&5
configure:4890: $? = 0
configure:4898: result: yes
configure:4906: checking whether C++ compiler accepts -Wredundant-decls
configure:4925: arm-linux-androideabi-g++ -c -Wredundant-decls  conftest.cpp >&5
configure:4925: $? = 0
configure:4935: result: yes
configure:4943: checking whether C++ compiler accepts -Wshadow
configure:4962: arm-linux-androideabi-g++ -c -Wshadow  conftest.cpp >&5
configure:4962: $? = 0
configure:4972: result: yes
configure:4980: checking whether C++ compiler accepts -Wpointer-arith
configure:4999: arm-linux-androideabi-g++ -c -Wpointer-arith  conftest.cpp >&5
configure:4999: $? = 0
configure:5009: result: yes
configure:5017: checking whether C++ compiler accepts -Wwrite-strings
configure:5036: arm-linux-androideabi-g++ -c -Wwrite-strings  conftest.cpp >&5
configure:5036: $? = 0
configure:5046: result: yes
configure:5054: checking whether C++ compiler accepts -Woverloaded-virtual
configure:5073: arm-linux-androideabi-g++ -c -Woverloaded-virtual  conftest.cpp >&5
configure:5073: $? = 0
configure:5083: result: yes
configure:5091: checking whether C++ compiler accepts -Weffc++
configure:5110: arm-linux-androideabi-g++ -c -Weffc++  conftest.cpp >&5
configure:5110: $? = 0
configure:5120: result: yes
configure:5128: checking whether C++ compiler accepts -Winit-self
configure:5147: arm-linux-androideabi-g++ -c -Winit-self  conftest.cpp >&5
configure:5147: $? = 0
configure:5157: result: yes
configure:5165: checking whether C++ compiler accepts -Wconversion
configure:5184: arm-linux-androideabi-g++ -c -Wconversion  conftest.cpp >&5
configure:5184: $? = 0
configure:5194: result: yes
configure:5202: checking whether C++ compiler accepts -pg
configure:5221: arm-linux-androideabi-g++ -c -pg  conftest.cpp >&5
configure:5221: $? = 0
configure:5231: result: yes
configure:5239: checking whether C++ compiler accepts -O3
configure:5258: arm-linux-androideabi-g++ -c -O3  conftest.cpp >&5
configure:5258: $? = 0
configure:5268: result: yes
configure:5294: checking for ext2fs_bmap in -lext2fs
configure:5319: arm-linux-androideabi-gcc -o conftest -fPIE -fPIC  -pie conftest.c -lext2fs   >&5
configure:5319: $? = 0
configure:5328: result: yes
configure:5345: checking for ext2fs_get_generic_bitmap_start
configure:5345: arm-linux-androideabi-gcc -o conftest -fPIE -fPIC  -pie conftest.c -lext2fs  >&5
configure:5345: $? = 0
configure:5345: result: yes
configure:5345: checking for ext2fs_inode_table_loc
configure:5345: arm-linux-androideabi-gcc -o conftest -fPIE -fPIC  -pie conftest.c -lext2fs  >&5
configure:5345: $? = 0
configure:5345: result: yes
configure:5345: checking for ext2fs_extent_open2
configure:5345: arm-linux-androideabi-gcc -o conftest -fPIE -fPIC  -pie conftest.c -lext2fs  >&5
configure:5345: $? = 0
configure:5345: result: yes
configure:5345: checking for ext2fs_blocks_count
configure:5345: arm-linux-androideabi-gcc -o conftest -fPIE -fPIC  -pie conftest.c -lext2fs  >&5
configure:5345: $? = 0
configure:5345: result: yes
configure:5345: checking for ext2fs_get_array
configure:5345: arm-linux-androideabi-gcc -o conftest -fPIE -fPIC  -pie conftest.c -lext2fs  >&5
configure:5345: $? = 0
configure:5345: result: yes
configure:5345: checking for ext2fs_get_generic_bmap_start
configure:5345: arm-linux-androideabi-gcc -o conftest -fPIE -fPIC  -pie conftest.c -lext2fs  >&5
configure:5345: $? = 0
configure:5345: result: yes
configure:5345: checking for ext2fs_test_block_bitmap2
configure:5345: arm-linux-androideabi-gcc -o conftest -fPIE -fPIC  -pie conftest.c -lext2fs  >&5
configure:5345: $? = 0
configure:5345: result: yes
configure:5345: checking for ext2fs_bmap2
configure:5345: arm-linux-androideabi-gcc -o conftest -fPIE -fPIC  -pie conftest.c -lext2fs  >&5
configure:5345: $? = 0
configure:5345: result: yes
configure:5345: checking for ext2fs_test_block_bitmap2
configure:5345: result: yes
configure:5345: checking for ext2fs_group_of_blk2
configure:5345: arm-linux-androideabi-gcc -o conftest -fPIE -fPIC  -pie conftest.c -lext2fs  >&5
configure:5345: $? = 0
configure:5345: result: yes
configure:5345: checking for ext2fs_read_dir_block3
configure:5345: arm-linux-androideabi-gcc -o conftest -fPIE -fPIC  -pie conftest.c -lext2fs  >&5
configure:5345: $? = 0
configure:5345: result: yes
configure:5345: checking for ext2fs_test_inode_bitmap2
configure:5345: arm-linux-androideabi-gcc -o conftest -fPIE -fPIC  -pie conftest.c -lext2fs  >&5
configure:5345: $? = 0
configure:5345: result: yes
configure:5354: checking for com_err in -lext2_com_err
configure:5379: arm-linux-androideabi-gcc -o conftest -fPIE -fPIC  -pie conftest.c -lext2_com_err  -lext2fs  >&5
configure:5379: $? = 0
configure:5388: result: yes
configure:5409: checking how to run the C preprocessor
configure:5440: arm-linux-androideabi-gcc -E  conftest.c
configure:5440: $? = 0
configure:5454: arm-linux-androideabi-gcc -E  conftest.c
conftest.c:25:28: fatal error: ac_nonexistent.h: No such file or directory
 #include <ac_nonexistent.h>
                            ^
compilation terminated.
configure:5454: $? = 1
configure: failed program was:
| /* confdefs.h */
| #define PACKAGE_NAME "extundelete"
| #define PACKAGE_TARNAME "extundelete"
| #define PACKAGE_VERSION "0.2.4"
| #define PACKAGE_STRING "extundelete 0.2.4"
| #define PACKAGE_BUGREPORT "extundelete.sourceforge.net"
| #define PACKAGE_URL ""
| #define PACKAGE "extundelete"
| #define VERSION "0.2.4"
| #define HAVE_LIBEXT2FS 1
| #define HAVE_EXT2FS_GET_GENERIC_BITMAP_START 1
| #define HAVE_EXT2FS_INODE_TABLE_LOC 1
| #define HAVE_EXT2FS_EXTENT_OPEN2 1
| #define HAVE_EXT2FS_BLOCKS_COUNT 1
| #define HAVE_EXT2FS_GET_ARRAY 1
| #define HAVE_EXT2FS_GET_GENERIC_BMAP_START 1
| #define HAVE_EXT2FS_TEST_BLOCK_BITMAP2 1
| #define HAVE_EXT2FS_BMAP2 1
| #define HAVE_EXT2FS_TEST_BLOCK_BITMAP2 1
| #define HAVE_EXT2FS_GROUP_OF_BLK2 1
| #define HAVE_EXT2FS_READ_DIR_BLOCK3 1
| #define HAVE_EXT2FS_TEST_INODE_BITMAP2 1
| #define HAVE_LIBCOM_ERR 1
| /* end confdefs.h.  */
| #include <ac_nonexistent.h>
configure:5479: result: arm-linux-androideabi-gcc -E
configure:5499: arm-linux-androideabi-gcc -E  conftest.c
configure:5499: $? = 0
configure:5513: arm-linux-androideabi-gcc -E  conftest.c
conftest.c:25:28: fatal error: ac_nonexistent.h: No such file or directory
 #include <ac_nonexistent.h>
                            ^
compilation terminated.
configure:5513: $? = 1
configure: failed program was:
| /* confdefs.h */
| #define PACKAGE_NAME "extundelete"
| #define PACKAGE_TARNAME "extundelete"
| #define PACKAGE_VERSION "0.2.4"
| #define PACKAGE_STRING "extundelete 0.2.4"
| #define PACKAGE_BUGREPORT "extundelete.sourceforge.net"
| #define PACKAGE_URL ""
| #define PACKAGE "extundelete"
| #define VERSION "0.2.4"
| #define HAVE_LIBEXT2FS 1
| #define HAVE_EXT2FS_GET_GENERIC_BITMAP_START 1
| #define HAVE_EXT2FS_INODE_TABLE_LOC 1
| #define HAVE_EXT2FS_EXTENT_OPEN2 1
| #define HAVE_EXT2FS_BLOCKS_COUNT 1
| #define HAVE_EXT2FS_GET_ARRAY 1
| #define HAVE_EXT2FS_GET_GENERIC_BMAP_START 1
| #define HAVE_EXT2FS_TEST_BLOCK_BITMAP2 1
| #define HAVE_EXT2FS_BMAP2 1
| #define HAVE_EXT2FS_TEST_BLOCK_BITMAP2 1
| #define HAVE_EXT2FS_GROUP_OF_BLK2 1
| #define HAVE_EXT2FS_READ_DIR_BLOCK3 1
| #define HAVE_EXT2FS_TEST_INODE_BITMAP2 1
| #define HAVE_LIBCOM_ERR 1
| /* end confdefs.h.  */
| #include <ac_nonexistent.h>
configure:5542: checking for grep that handles long lines and -e
configure:5600: result: /usr/bin/grep
configure:5605: checking for egrep
configure:5667: result: /usr/bin/grep -E
configure:5672: checking for ANSI C header files
configure:5692: arm-linux-androideabi-gcc -c -fPIE -fPIC  conftest.c >&5
configure:5692: $? = 0
configure:5776: result: yes
configure:5789: checking for sys/types.h
configure:5789: arm-linux-androideabi-gcc -c -fPIE -fPIC  conftest.c >&5
configure:5789: $? = 0
configure:5789: result: yes
configure:5789: checking for sys/stat.h
configure:5789: arm-linux-androideabi-gcc -c -fPIE -fPIC  conftest.c >&5
configure:5789: $? = 0
configure:5789: result: yes
configure:5789: checking for stdlib.h
configure:5789: arm-linux-androideabi-gcc -c -fPIE -fPIC  conftest.c >&5
configure:5789: $? = 0
configure:5789: result: yes
configure:5789: checking for string.h
configure:5789: arm-linux-androideabi-gcc -c -fPIE -fPIC  conftest.c >&5
configure:5789: $? = 0
configure:5789: result: yes
configure:5789: checking for memory.h
configure:5789: arm-linux-androideabi-gcc -c -fPIE -fPIC  conftest.c >&5
configure:5789: $? = 0
configure:5789: result: yes
configure:5789: checking for strings.h
configure:5789: arm-linux-androideabi-gcc -c -fPIE -fPIC  conftest.c >&5
configure:5789: $? = 0
configure:5789: result: yes
configure:5789: checking for inttypes.h
configure:5789: arm-linux-androideabi-gcc -c -fPIE -fPIC  conftest.c >&5
configure:5789: $? = 0
configure:5789: result: yes
configure:5789: checking for stdint.h
configure:5789: arm-linux-androideabi-gcc -c -fPIE -fPIC  conftest.c >&5
configure:5789: $? = 0
configure:5789: result: yes
configure:5789: checking for unistd.h
configure:5789: arm-linux-androideabi-gcc -c -fPIE -fPIC  conftest.c >&5
configure:5789: $? = 0
configure:5789: result: yes
configure:5804: checking fcntl.h usability
configure:5804: arm-linux-androideabi-gcc -c -fPIE -fPIC  conftest.c >&5
configure:5804: $? = 0
configure:5804: result: yes
configure:5804: checking fcntl.h presence
configure:5804: arm-linux-androideabi-gcc -E  conftest.c
configure:5804: $? = 0
configure:5804: result: yes
configure:5804: checking for fcntl.h
configure:5804: result: yes
configure:5804: checking for stdint.h
configure:5804: result: yes
configure:5804: checking for string.h
configure:5804: result: yes
configure:5804: checking for unistd.h
configure:5804: result: yes
configure:5804: checking utime.h usability
configure:5804: arm-linux-androideabi-gcc -c -fPIE -fPIC  conftest.c >&5
configure:5804: $? = 0
configure:5804: result: yes
configure:5804: checking utime.h presence
configure:5804: arm-linux-androideabi-gcc -E  conftest.c
configure:5804: $? = 0
configure:5804: result: yes
configure:5804: checking for utime.h
configure:5804: result: yes
configure:5804: checking for sys/types.h
configure:5804: result: yes
configure:5804: checking getopt.h usability
configure:5804: arm-linux-androideabi-gcc -c -fPIE -fPIC  conftest.c >&5
configure:5804: $? = 0
configure:5804: result: yes
configure:5804: checking getopt.h presence
configure:5804: arm-linux-androideabi-gcc -E  conftest.c
configure:5804: $? = 0
configure:5804: result: yes
configure:5804: checking for getopt.h
configure:5804: result: yes
configure:5816: checking for stdbool.h that conforms to C99
configure:5883: arm-linux-androideabi-gcc -c -fPIE -fPIC  conftest.c >&5
configure:5883: $? = 0
configure:5890: result: yes
configure:5892: checking for _Bool
configure:5892: arm-linux-androideabi-gcc -c -fPIE -fPIC  conftest.c >&5
configure:5892: $? = 0
configure:5892: arm-linux-androideabi-gcc -c -fPIE -fPIC  conftest.c >&5
conftest.c: In function 'main':
conftest.c:78:20: error: expected expression before ')' token
 if (sizeof ((_Bool)))
                    ^
configure:5892: $? = 1
configure: failed program was:
| /* confdefs.h */
| #define PACKAGE_NAME "extundelete"
| #define PACKAGE_TARNAME "extundelete"
| #define PACKAGE_VERSION "0.2.4"
| #define PACKAGE_STRING "extundelete 0.2.4"
| #define PACKAGE_BUGREPORT "extundelete.sourceforge.net"
| #define PACKAGE_URL ""
| #define PACKAGE "extundelete"
| #define VERSION "0.2.4"
| #define HAVE_LIBEXT2FS 1
| #define HAVE_EXT2FS_GET_GENERIC_BITMAP_START 1
| #define HAVE_EXT2FS_INODE_TABLE_LOC 1
| #define HAVE_EXT2FS_EXTENT_OPEN2 1
| #define HAVE_EXT2FS_BLOCKS_COUNT 1
| #define HAVE_EXT2FS_GET_ARRAY 1
| #define HAVE_EXT2FS_GET_GENERIC_BMAP_START 1
| #define HAVE_EXT2FS_TEST_BLOCK_BITMAP2 1
| #define HAVE_EXT2FS_BMAP2 1
| #define HAVE_EXT2FS_TEST_BLOCK_BITMAP2 1
| #define HAVE_EXT2FS_GROUP_OF_BLK2 1
| #define HAVE_EXT2FS_READ_DIR_BLOCK3 1
| #define HAVE_EXT2FS_TEST_INODE_BITMAP2 1
| #define HAVE_LIBCOM_ERR 1
| #define STDC_HEADERS 1
| #define HAVE_SYS_TYPES_H 1
| #define HAVE_SYS_STAT_H 1
| #define HAVE_STDLIB_H 1
| #define HAVE_STRING_H 1
| #define HAVE_MEMORY_H 1
| #define HAVE_STRINGS_H 1
| #define HAVE_INTTYPES_H 1
| #define HAVE_STDINT_H 1
| #define HAVE_UNISTD_H 1
| #define HAVE_FCNTL_H 1
| #define HAVE_STDINT_H 1
| #define HAVE_STRING_H 1
| #define HAVE_UNISTD_H 1
| #define HAVE_UTIME_H 1
| #define HAVE_SYS_TYPES_H 1
| #define HAVE_GETOPT_H 1
| /* end confdefs.h.  */
| #include <stdio.h>
| #ifdef HAVE_SYS_TYPES_H
| # include <sys/types.h>
| #endif
| #ifdef HAVE_SYS_STAT_H
| # include <sys/stat.h>
| #endif
| #ifdef STDC_HEADERS
| # include <stdlib.h>
| # include <stddef.h>
| #else
| # ifdef HAVE_STDLIB_H
| #  include <stdlib.h>
| # endif
| #endif
| #ifdef HAVE_STRING_H
| # if !defined STDC_HEADERS && defined HAVE_MEMORY_H
| #  include <memory.h>
| # endif
| # include <string.h>
| #endif
| #ifdef HAVE_STRINGS_H
| # include <strings.h>
| #endif
| #ifdef HAVE_INTTYPES_H
| # include <inttypes.h>
| #endif
| #ifdef HAVE_STDINT_H
| # include <stdint.h>
| #endif
| #ifdef HAVE_UNISTD_H
| # include <unistd.h>
| #endif
| int
| main ()
| {
| if (sizeof ((_Bool)))
| 	    return 0;
|   ;
|   return 0;
| }
configure:5892: result: yes
configure:5908: checking for an ANSI C-conforming const
configure:5973: arm-linux-androideabi-gcc -c -fPIE -fPIC  conftest.c >&5
configure:5973: $? = 0
configure:5980: result: yes
configure:5988: checking for inline
configure:6004: arm-linux-androideabi-gcc -c -fPIE -fPIC  conftest.c >&5
configure:6004: $? = 0
configure:6012: result: inline
configure:6030: checking for size_t
configure:6030: arm-linux-androideabi-gcc -c -fPIE -fPIC  conftest.c >&5
configure:6030: $? = 0
configure:6030: arm-linux-androideabi-gcc -c -fPIE -fPIC  conftest.c >&5
conftest.c: In function 'main':
conftest.c:80:21: error: expected expression before ')' token
 if (sizeof ((size_t)))
                     ^
configure:6030: $? = 1
configure: failed program was:
| /* confdefs.h */
| #define PACKAGE_NAME "extundelete"
| #define PACKAGE_TARNAME "extundelete"
| #define PACKAGE_VERSION "0.2.4"
| #define PACKAGE_STRING "extundelete 0.2.4"
| #define PACKAGE_BUGREPORT "extundelete.sourceforge.net"
| #define PACKAGE_URL ""
| #define PACKAGE "extundelete"
| #define VERSION "0.2.4"
| #define HAVE_LIBEXT2FS 1
| #define HAVE_EXT2FS_GET_GENERIC_BITMAP_START 1
| #define HAVE_EXT2FS_INODE_TABLE_LOC 1
| #define HAVE_EXT2FS_EXTENT_OPEN2 1
| #define HAVE_EXT2FS_BLOCKS_COUNT 1
| #define HAVE_EXT2FS_GET_ARRAY 1
| #define HAVE_EXT2FS_GET_GENERIC_BMAP_START 1
| #define HAVE_EXT2FS_TEST_BLOCK_BITMAP2 1
| #define HAVE_EXT2FS_BMAP2 1
| #define HAVE_EXT2FS_TEST_BLOCK_BITMAP2 1
| #define HAVE_EXT2FS_GROUP_OF_BLK2 1
| #define HAVE_EXT2FS_READ_DIR_BLOCK3 1
| #define HAVE_EXT2FS_TEST_INODE_BITMAP2 1
| #define HAVE_LIBCOM_ERR 1
| #define STDC_HEADERS 1
| #define HAVE_SYS_TYPES_H 1
| #define HAVE_SYS_STAT_H 1
| #define HAVE_STDLIB_H 1
| #define HAVE_STRING_H 1
| #define HAVE_MEMORY_H 1
| #define HAVE_STRINGS_H 1
| #define HAVE_INTTYPES_H 1
| #define HAVE_STDINT_H 1
| #define HAVE_UNISTD_H 1
| #define HAVE_FCNTL_H 1
| #define HAVE_STDINT_H 1
| #define HAVE_STRING_H 1
| #define HAVE_UNISTD_H 1
| #define HAVE_UTIME_H 1
| #define HAVE_SYS_TYPES_H 1
| #define HAVE_GETOPT_H 1
| #define HAVE__BOOL 1
| #define HAVE_STDBOOL_H 1
| /* end confdefs.h.  */
| #include <stdio.h>
| #ifdef HAVE_SYS_TYPES_H
| # include <sys/types.h>
| #endif
| #ifdef HAVE_SYS_STAT_H
| # include <sys/stat.h>
| #endif
| #ifdef STDC_HEADERS
| # include <stdlib.h>
| # include <stddef.h>
| #else
| # ifdef HAVE_STDLIB_H
| #  include <stdlib.h>
| # endif
| #endif
| #ifdef HAVE_STRING_H
| # if !defined STDC_HEADERS && defined HAVE_MEMORY_H
| #  include <memory.h>
| # endif
| # include <string.h>
| #endif
| #ifdef HAVE_STRINGS_H
| # include <strings.h>
| #endif
| #ifdef HAVE_INTTYPES_H
| # include <inttypes.h>
| #endif
| #ifdef HAVE_STDINT_H
| # include <stdint.h>
| #endif
| #ifdef HAVE_UNISTD_H
| # include <unistd.h>
| #endif
| int
| main ()
| {
| if (sizeof ((size_t)))
| 	    return 0;
|   ;
|   return 0;
| }
configure:6030: result: yes
configure:6048: checking for special C compiler options needed for large files
configure:6093: result: no
configure:6099: checking for _FILE_OFFSET_BITS value needed for large files
configure:6124: arm-linux-androideabi-gcc -c -fPIE -fPIC  conftest.c >&5
conftest.c:50:3: warning: left shift count >= width of type
   int off_t_is_large[(LARGE_OFF_T % 2147483629 == 721
   ^
conftest.c:50:3: warning: left shift count >= width of type
conftest.c:51:10: warning: left shift count >= width of type
          && LARGE_OFF_T % 2147483647 == 1)
          ^
conftest.c:51:10: warning: left shift count >= width of type
conftest.c:50:7: error: variably modified 'off_t_is_large' at file scope
   int off_t_is_large[(LARGE_OFF_T % 2147483629 == 721
       ^
configure:6124: $? = 1
configure: failed program was:
| /* confdefs.h */
| #define PACKAGE_NAME "extundelete"
| #define PACKAGE_TARNAME "extundelete"
| #define PACKAGE_VERSION "0.2.4"
| #define PACKAGE_STRING "extundelete 0.2.4"
| #define PACKAGE_BUGREPORT "extundelete.sourceforge.net"
| #define PACKAGE_URL ""
| #define PACKAGE "extundelete"
| #define VERSION "0.2.4"
| #define HAVE_LIBEXT2FS 1
| #define HAVE_EXT2FS_GET_GENERIC_BITMAP_START 1
| #define HAVE_EXT2FS_INODE_TABLE_LOC 1
| #define HAVE_EXT2FS_EXTENT_OPEN2 1
| #define HAVE_EXT2FS_BLOCKS_COUNT 1
| #define HAVE_EXT2FS_GET_ARRAY 1
| #define HAVE_EXT2FS_GET_GENERIC_BMAP_START 1
| #define HAVE_EXT2FS_TEST_BLOCK_BITMAP2 1
| #define HAVE_EXT2FS_BMAP2 1
| #define HAVE_EXT2FS_TEST_BLOCK_BITMAP2 1
| #define HAVE_EXT2FS_GROUP_OF_BLK2 1
| #define HAVE_EXT2FS_READ_DIR_BLOCK3 1
| #define HAVE_EXT2FS_TEST_INODE_BITMAP2 1
| #define HAVE_LIBCOM_ERR 1
| #define STDC_HEADERS 1
| #define HAVE_SYS_TYPES_H 1
| #define HAVE_SYS_STAT_H 1
| #define HAVE_STDLIB_H 1
| #define HAVE_STRING_H 1
| #define HAVE_MEMORY_H 1
| #define HAVE_STRINGS_H 1
| #define HAVE_INTTYPES_H 1
| #define HAVE_STDINT_H 1
| #define HAVE_UNISTD_H 1
| #define HAVE_FCNTL_H 1
| #define HAVE_STDINT_H 1
| #define HAVE_STRING_H 1
| #define HAVE_UNISTD_H 1
| #define HAVE_UTIME_H 1
| #define HAVE_SYS_TYPES_H 1
| #define HAVE_GETOPT_H 1
| #define HAVE__BOOL 1
| #define HAVE_STDBOOL_H 1
| /* end confdefs.h.  */
| #include <sys/types.h>
|  /* Check that off_t can represent 2**63 - 1 correctly.
|     We can't simply define LARGE_OFF_T to be 9223372036854775807,
|     since some C++ compilers masquerading as C compilers
|     incorrectly reject 9223372036854775807.  */
| #define LARGE_OFF_T (((off_t) 1 << 62) - 1 + ((off_t) 1 << 62))
|   int off_t_is_large[(LARGE_OFF_T % 2147483629 == 721
| 		       && LARGE_OFF_T % 2147483647 == 1)
| 		      ? 1 : -1];
| int
| main ()
| {
| 
|   ;
|   return 0;
| }
configure:6148: arm-linux-androideabi-gcc -c -fPIE -fPIC  conftest.c >&5
configure:6148: $? = 0
configure:6156: result: 64
configure:6239: checking for blk64_t
configure:6239: arm-linux-androideabi-gcc -c -fPIE -fPIC  conftest.c >&5
configure:6239: $? = 0
configure:6239: arm-linux-androideabi-gcc -c -fPIE -fPIC  conftest.c >&5
conftest.c: In function 'main':
conftest.c:50:22: error: expected expression before ')' token
 if (sizeof ((blk64_t)))
                      ^
configure:6239: $? = 1
configure: failed program was:
| /* confdefs.h */
| #define PACKAGE_NAME "extundelete"
| #define PACKAGE_TARNAME "extundelete"
| #define PACKAGE_VERSION "0.2.4"
| #define PACKAGE_STRING "extundelete 0.2.4"
| #define PACKAGE_BUGREPORT "extundelete.sourceforge.net"
| #define PACKAGE_URL ""
| #define PACKAGE "extundelete"
| #define VERSION "0.2.4"
| #define HAVE_LIBEXT2FS 1
| #define HAVE_EXT2FS_GET_GENERIC_BITMAP_START 1
| #define HAVE_EXT2FS_INODE_TABLE_LOC 1
| #define HAVE_EXT2FS_EXTENT_OPEN2 1
| #define HAVE_EXT2FS_BLOCKS_COUNT 1
| #define HAVE_EXT2FS_GET_ARRAY 1
| #define HAVE_EXT2FS_GET_GENERIC_BMAP_START 1
| #define HAVE_EXT2FS_TEST_BLOCK_BITMAP2 1
| #define HAVE_EXT2FS_BMAP2 1
| #define HAVE_EXT2FS_TEST_BLOCK_BITMAP2 1
| #define HAVE_EXT2FS_GROUP_OF_BLK2 1
| #define HAVE_EXT2FS_READ_DIR_BLOCK3 1
| #define HAVE_EXT2FS_TEST_INODE_BITMAP2 1
| #define HAVE_LIBCOM_ERR 1
| #define STDC_HEADERS 1
| #define HAVE_SYS_TYPES_H 1
| #define HAVE_SYS_STAT_H 1
| #define HAVE_STDLIB_H 1
| #define HAVE_STRING_H 1
| #define HAVE_MEMORY_H 1
| #define HAVE_STRINGS_H 1
| #define HAVE_INTTYPES_H 1
| #define HAVE_STDINT_H 1
| #define HAVE_UNISTD_H 1
| #define HAVE_FCNTL_H 1
| #define HAVE_STDINT_H 1
| #define HAVE_STRING_H 1
| #define HAVE_UNISTD_H 1
| #define HAVE_UTIME_H 1
| #define HAVE_SYS_TYPES_H 1
| #define HAVE_GETOPT_H 1
| #define HAVE__BOOL 1
| #define HAVE_STDBOOL_H 1
| #define _FILE_OFFSET_BITS 64
| /* end confdefs.h.  */
| #include <ext2fs/ext2fs.h>
| 
| int
| main ()
| {
| if (sizeof ((blk64_t)))
| 	    return 0;
|   ;
|   return 0;
| }
configure:6239: result: yes
configure:6250: checking whether byte ordering is bigendian
configure:6265: arm-linux-androideabi-gcc -c -fPIE -fPIC  conftest.c >&5
conftest.c:47:9: error: unknown type name 'not'
         not a universal capable compiler
         ^
conftest.c:47:15: error: expected '=', ',', ';', 'asm' or '__attribute__' before 'universal'
         not a universal capable compiler
               ^
conftest.c:47:15: error: unknown type name 'universal'
configure:6265: $? = 1
configure: failed program was:
| /* confdefs.h */
| #define PACKAGE_NAME "extundelete"
| #define PACKAGE_TARNAME "extundelete"
| #define PACKAGE_VERSION "0.2.4"
| #define PACKAGE_STRING "extundelete 0.2.4"
| #define PACKAGE_BUGREPORT "extundelete.sourceforge.net"
| #define PACKAGE_URL ""
| #define PACKAGE "extundelete"
| #define VERSION "0.2.4"
| #define HAVE_LIBEXT2FS 1
| #define HAVE_EXT2FS_GET_GENERIC_BITMAP_START 1
| #define HAVE_EXT2FS_INODE_TABLE_LOC 1
| #define HAVE_EXT2FS_EXTENT_OPEN2 1
| #define HAVE_EXT2FS_BLOCKS_COUNT 1
| #define HAVE_EXT2FS_GET_ARRAY 1
| #define HAVE_EXT2FS_GET_GENERIC_BMAP_START 1
| #define HAVE_EXT2FS_TEST_BLOCK_BITMAP2 1
| #define HAVE_EXT2FS_BMAP2 1
| #define HAVE_EXT2FS_TEST_BLOCK_BITMAP2 1
| #define HAVE_EXT2FS_GROUP_OF_BLK2 1
| #define HAVE_EXT2FS_READ_DIR_BLOCK3 1
| #define HAVE_EXT2FS_TEST_INODE_BITMAP2 1
| #define HAVE_LIBCOM_ERR 1
| #define STDC_HEADERS 1
| #define HAVE_SYS_TYPES_H 1
| #define HAVE_SYS_STAT_H 1
| #define HAVE_STDLIB_H 1
| #define HAVE_STRING_H 1
| #define HAVE_MEMORY_H 1
| #define HAVE_STRINGS_H 1
| #define HAVE_INTTYPES_H 1
| #define HAVE_STDINT_H 1
| #define HAVE_UNISTD_H 1
| #define HAVE_FCNTL_H 1
| #define HAVE_STDINT_H 1
| #define HAVE_STRING_H 1
| #define HAVE_UNISTD_H 1
| #define HAVE_UTIME_H 1
| #define HAVE_SYS_TYPES_H 1
| #define HAVE_GETOPT_H 1
| #define HAVE__BOOL 1
| #define HAVE_STDBOOL_H 1
| #define _FILE_OFFSET_BITS 64
| #define HAVE_BLK64_T 1
| /* end confdefs.h.  */
| #ifndef __APPLE_CC__
| 	       not a universal capable compiler
| 	     #endif
| 	     typedef int dummy;
| 
configure:6310: arm-linux-androideabi-gcc -c -fPIE -fPIC  conftest.c >&5
conftest.c: In function 'main':
conftest.c:53:8: error: unknown type name 'bogus'
        bogus endian macros
        ^
conftest.c:53:21: error: expected '=', ',', ';', 'asm' or '__attribute__' before 'macros'
        bogus endian macros
                     ^
configure:6310: $? = 1
configure: failed program was:
| /* confdefs.h */
| #define PACKAGE_NAME "extundelete"
| #define PACKAGE_TARNAME "extundelete"
| #define PACKAGE_VERSION "0.2.4"
| #define PACKAGE_STRING "extundelete 0.2.4"
| #define PACKAGE_BUGREPORT "extundelete.sourceforge.net"
| #define PACKAGE_URL ""
| #define PACKAGE "extundelete"
| #define VERSION "0.2.4"
| #define HAVE_LIBEXT2FS 1
| #define HAVE_EXT2FS_GET_GENERIC_BITMAP_START 1
| #define HAVE_EXT2FS_INODE_TABLE_LOC 1
| #define HAVE_EXT2FS_EXTENT_OPEN2 1
| #define HAVE_EXT2FS_BLOCKS_COUNT 1
| #define HAVE_EXT2FS_GET_ARRAY 1
| #define HAVE_EXT2FS_GET_GENERIC_BMAP_START 1
| #define HAVE_EXT2FS_TEST_BLOCK_BITMAP2 1
| #define HAVE_EXT2FS_BMAP2 1
| #define HAVE_EXT2FS_TEST_BLOCK_BITMAP2 1
| #define HAVE_EXT2FS_GROUP_OF_BLK2 1
| #define HAVE_EXT2FS_READ_DIR_BLOCK3 1
| #define HAVE_EXT2FS_TEST_INODE_BITMAP2 1
| #define HAVE_LIBCOM_ERR 1
| #define STDC_HEADERS 1
| #define HAVE_SYS_TYPES_H 1
| #define HAVE_SYS_STAT_H 1
| #define HAVE_STDLIB_H 1
| #define HAVE_STRING_H 1
| #define HAVE_MEMORY_H 1
| #define HAVE_STRINGS_H 1
| #define HAVE_INTTYPES_H 1
| #define HAVE_STDINT_H 1
| #define HAVE_UNISTD_H 1
| #define HAVE_FCNTL_H 1
| #define HAVE_STDINT_H 1
| #define HAVE_STRING_H 1
| #define HAVE_UNISTD_H 1
| #define HAVE_UTIME_H 1
| #define HAVE_SYS_TYPES_H 1
| #define HAVE_GETOPT_H 1
| #define HAVE__BOOL 1
| #define HAVE_STDBOOL_H 1
| #define _FILE_OFFSET_BITS 64
| #define HAVE_BLK64_T 1
| /* end confdefs.h.  */
| #include <sys/types.h>
| 	     #include <sys/param.h>
| 
| int
| main ()
| {
| #if ! (defined BYTE_ORDER && defined BIG_ENDIAN 		     && defined LITTLE_ENDIAN && BYTE_ORDER && BIG_ENDIAN 		     && LITTLE_ENDIAN)
| 	      bogus endian macros
| 	     #endif
| 
|   ;
|   return 0;
| }
configure:6354: arm-linux-androideabi-gcc -c -fPIE -fPIC  conftest.c >&5
conftest.c: In function 'main':
conftest.c:52:8: error: unknown type name 'bogus'
        bogus endian macros
        ^
conftest.c:52:21: error: expected '=', ',', ';', 'asm' or '__attribute__' before 'macros'
        bogus endian macros
                     ^
configure:6354: $? = 1
configure: failed program was:
| /* confdefs.h */
| #define PACKAGE_NAME "extundelete"
| #define PACKAGE_TARNAME "extundelete"
| #define PACKAGE_VERSION "0.2.4"
| #define PACKAGE_STRING "extundelete 0.2.4"
| #define PACKAGE_BUGREPORT "extundelete.sourceforge.net"
| #define PACKAGE_URL ""
| #define PACKAGE "extundelete"
| #define VERSION "0.2.4"
| #define HAVE_LIBEXT2FS 1
| #define HAVE_EXT2FS_GET_GENERIC_BITMAP_START 1
| #define HAVE_EXT2FS_INODE_TABLE_LOC 1
| #define HAVE_EXT2FS_EXTENT_OPEN2 1
| #define HAVE_EXT2FS_BLOCKS_COUNT 1
| #define HAVE_EXT2FS_GET_ARRAY 1
| #define HAVE_EXT2FS_GET_GENERIC_BMAP_START 1
| #define HAVE_EXT2FS_TEST_BLOCK_BITMAP2 1
| #define HAVE_EXT2FS_BMAP2 1
| #define HAVE_EXT2FS_TEST_BLOCK_BITMAP2 1
| #define HAVE_EXT2FS_GROUP_OF_BLK2 1
| #define HAVE_EXT2FS_READ_DIR_BLOCK3 1
| #define HAVE_EXT2FS_TEST_INODE_BITMAP2 1
| #define HAVE_LIBCOM_ERR 1
| #define STDC_HEADERS 1
| #define HAVE_SYS_TYPES_H 1
| #define HAVE_SYS_STAT_H 1
| #define HAVE_STDLIB_H 1
| #define HAVE_STRING_H 1
| #define HAVE_MEMORY_H 1
| #define HAVE_STRINGS_H 1
| #define HAVE_INTTYPES_H 1
| #define HAVE_STDINT_H 1
| #define HAVE_UNISTD_H 1
| #define HAVE_FCNTL_H 1
| #define HAVE_STDINT_H 1
| #define HAVE_STRING_H 1
| #define HAVE_UNISTD_H 1
| #define HAVE_UTIME_H 1
| #define HAVE_SYS_TYPES_H 1
| #define HAVE_GETOPT_H 1
| #define HAVE__BOOL 1
| #define HAVE_STDBOOL_H 1
| #define _FILE_OFFSET_BITS 64
| #define HAVE_BLK64_T 1
| /* end confdefs.h.  */
| #include <limits.h>
| 
| int
| main ()
| {
| #if ! (defined _LITTLE_ENDIAN || defined _BIG_ENDIAN)
| 	      bogus endian macros
| 	     #endif
| 
|   ;
|   return 0;
| }
configure:6410: arm-linux-androideabi-gcc -c -fPIE -fPIC  conftest.c >&5
configure:6410: $? = 0
configure:6456: result: no
configure:6476: checking for working memcmp
configure:6529: result: no
configure:6538: checking whether lstat correctly handles trailing slash
configure:6581: result: no
configure:6600: checking whether stat accepts an empty string
configure:6630: result: yes
configure:6649: checking for memset
configure:6649: arm-linux-androideabi-gcc -o conftest -fPIE -fPIC  -pie conftest.c -lext2_com_err -lext2fs  >&5
conftest.c:70:6: warning: conflicting types for built-in function 'memset'
 char memset ();
      ^
configure:6649: $? = 0
configure:6649: result: yes
configure:6649: checking for mkdir
configure:6649: arm-linux-androideabi-gcc -o conftest -fPIE -fPIC  -pie conftest.c -lext2_com_err -lext2fs  >&5
configure:6649: $? = 0
configure:6649: result: yes
configure:6649: checking for strerror
configure:6649: arm-linux-androideabi-gcc -o conftest -fPIE -fPIC  -pie conftest.c -lext2_com_err -lext2fs  >&5
configure:6649: $? = 0
configure:6649: result: yes
configure:6649: checking for strtol
configure:6649: arm-linux-androideabi-gcc -o conftest -fPIE -fPIC  -pie conftest.c -lext2_com_err -lext2fs  >&5
configure:6649: $? = 0
configure:6649: result: yes
configure:6649: checking for strtoul
configure:6649: arm-linux-androideabi-gcc -o conftest -fPIE -fPIC  -pie conftest.c -lext2_com_err -lext2fs  >&5
configure:6649: $? = 0
configure:6649: result: yes
configure:6789: creating ./config.status

## ---------------------- ##
## Running config.status. ##
## ---------------------- ##

This file was extended by extundelete config.status 0.2.4, which was
generated by GNU Autoconf 2.68.  Invocation command line was

  CONFIG_FILES    = 
  CONFIG_HEADERS  = 
  CONFIG_LINKS    = 
  CONFIG_COMMANDS = 
  $ ./config.status --quiet

on Veda

config.status:902: creating Makefile
config.status:902: creating src/Makefile
config.status:902: creating config.h
config.status:1083: config.h is unchanged
config.status:1131: executing depfiles commands

## ---------------- ##
## Cache variables. ##
## ---------------- ##

ac_cv_c_bigendian=no
ac_cv_c_compiler_gnu=yes
ac_cv_c_const=yes
ac_cv_c_inline=inline
ac_cv_cxx_compiler_gnu=yes
ac_cv_env_CCC_set=
ac_cv_env_CCC_value=
ac_cv_env_CC_set=set
ac_cv_env_CC_value=arm-linux-androideabi-gcc
ac_cv_env_CFLAGS_set=set
ac_cv_env_CFLAGS_value='-fPIE -fPIC'
ac_cv_env_CPPFLAGS_set=
ac_cv_env_CPPFLAGS_value=
ac_cv_env_CPP_set=
ac_cv_env_CPP_value=
ac_cv_env_CXXFLAGS_set=
ac_cv_env_CXXFLAGS_value=
ac_cv_env_CXX_set=set
ac_cv_env_CXX_value=arm-linux-androideabi-g++
ac_cv_env_LDFLAGS_set=set
ac_cv_env_LDFLAGS_value=-pie
ac_cv_env_LIBS_set=
ac_cv_env_LIBS_value=
ac_cv_env_build_alias_set=set
ac_cv_env_build_alias_value=x86_64-linux-gnu
ac_cv_env_host_alias_set=set
ac_cv_env_host_alias_value=arm-linux-androideabi
ac_cv_env_target_alias_set=
ac_cv_env_target_alias_value=
ac_cv_func_ext2fs_blocks_count=yes
ac_cv_func_ext2fs_bmap2=yes
ac_cv_func_ext2fs_extent_open2=yes
ac_cv_func_ext2fs_get_array=yes
ac_cv_func_ext2fs_get_generic_bitmap_start=yes
ac_cv_func_ext2fs_get_generic_bmap_start=yes
ac_cv_func_ext2fs_group_of_blk2=yes
ac_cv_func_ext2fs_inode_table_loc=yes
ac_cv_func_ext2fs_read_dir_block3=yes
ac_cv_func_ext2fs_test_block_bitmap2=yes
ac_cv_func_ext2fs_test_inode_bitmap2=yes
ac_cv_func_lstat_dereferences_slashed_symlink=no
ac_cv_func_memcmp_working=no
ac_cv_func_memset=yes
ac_cv_func_mkdir=yes
ac_cv_func_stat_empty_string_bug=yes
ac_cv_func_strerror=yes
ac_cv_func_strtol=yes
ac_cv_func_strtoul=yes
ac_cv_header_fcntl_h=yes
ac_cv_header_getopt_h=yes
ac_cv_header_inttypes_h=yes
ac_cv_header_memory_h=yes
ac_cv_header_stdbool_h=yes
ac_cv_header_stdc=yes
ac_cv_header_stdint_h=yes
ac_cv_header_stdlib_h=yes
ac_cv_header_string_h=yes
ac_cv_header_strings_h=yes
ac_cv_header_sys_stat_h=yes
ac_cv_header_sys_types_h=yes
ac_cv_header_unistd_h=yes
ac_cv_header_utime_h=yes
ac_cv_lib_com_err_com_err=yes
ac_cv_lib_ext2fs_ext2fs_bmap=yes
ac_cv_objext=o
ac_cv_path_EGREP='/usr/bin/grep -E'
ac_cv_path_GREP=/usr/bin/grep
ac_cv_path_install='/usr/bin/install -c'
ac_cv_path_mkdir=/usr/bin/mkdir
ac_cv_prog_AWK=gawk
ac_cv_prog_CC=arm-linux-androideabi-gcc
ac_cv_prog_CPP='arm-linux-androideabi-gcc -E'
ac_cv_prog_STRIP=arm-linux-androideabi-strip
ac_cv_prog_cc_c89=
ac_cv_prog_cc_g=yes
ac_cv_prog_cxx_g=yes
ac_cv_prog_make_make_set=yes
ac_cv_sys_file_offset_bits=64
ac_cv_sys_largefile_CC=no
ac_cv_type__Bool=yes
ac_cv_type_blk64_t=yes
ac_cv_type_size_t=yes
am_cv_CC_dependencies_compiler_type=gcc3
am_cv_CXX_dependencies_compiler_type=gcc3
ax_cv_c_flags__O2=yes
ax_cv_c_flags__O3=yes
ax_cv_c_flags__W=yes
ax_cv_c_flags__Wall=yes
ax_cv_c_flags__Wconversion=yes
ax_cv_c_flags__Winit_self=yes
ax_cv_c_flags__Wpointer_arith=yes
ax_cv_c_flags__Wredundant_decls=yes
ax_cv_c_flags__Wshadow=yes
ax_cv_c_flags__Wwrite_strings=yes
ax_cv_c_flags__g=yes
ax_cv_c_flags__pedantic=yes
ax_cv_c_flags__pg=yes
ax_cv_c_flags__std_c99=yes
ax_cv_cxx_flags__O2=yes
ax_cv_cxx_flags__O3=yes
ax_cv_cxx_flags__W=yes
ax_cv_cxx_flags__Wall=yes
ax_cv_cxx_flags__Wconversion=yes
ax_cv_cxx_flags__Weffcpp=yes
ax_cv_cxx_flags__Winit_self=yes
ax_cv_cxx_flags__Woverloaded_virtual=yes
ax_cv_cxx_flags__Wpointer_arith=yes
ax_cv_cxx_flags__Wredundant_decls=yes
ax_cv_cxx_flags__Wshadow=yes
ax_cv_cxx_flags__Wwrite_strings=yes
ax_cv_cxx_flags__g=yes
ax_cv_cxx_flags__pg=yes
ax_cv_cxx_flags__std_cpp0x=yes
ax_cv_cxx_flags__std_cpp0x__pedantic=yes
ax_cv_cxx_flags__std_cpp11=yes
ax_cv_cxx_flags__std_cpp11__pedantic=yes

## ----------------- ##
## Output variables. ##
## ----------------- ##

ACLOCAL='${SHELL} /home/exiahan/Developments/GitHub/FileRecovers/extundelete-code/missing --run aclocal-1.11'
AMDEPBACKSLASH='\'
AMDEP_FALSE='#'
AMDEP_TRUE=''
AMTAR='$${TAR-tar}'
AUTOCONF='${SHELL} /home/exiahan/Developments/GitHub/FileRecovers/extundelete-code/missing --run autoconf'
AUTOHEADER='${SHELL} /home/exiahan/Developments/GitHub/FileRecovers/extundelete-code/missing --run autoheader'
AUTOMAKE='${SHELL} /home/exiahan/Developments/GitHub/FileRecovers/extundelete-code/missing --run automake-1.11'
AWK='gawk'
CC='arm-linux-androideabi-gcc'
CCDEPMODE='depmode=gcc3'
CFLAGS='-fPIE -fPIC'
CPP='arm-linux-androideabi-gcc -E'
CPPFLAGS=''
CXX='arm-linux-androideabi-g++'
CXXDEPMODE='depmode=gcc3'
CXXFLAGS=''
CYGPATH_W='echo'
DEFS='-DHAVE_CONFIG_H'
DEPDIR='.deps'
ECHO_C=''
ECHO_N='-n'
ECHO_T=''
EGREP='/usr/bin/grep -E'
EU_CFLAGS=' -g -O2'
EU_CXXFLAGS=' -g -O2'
EU_OPTFLAGS=' -O3'
EU_OPTXXFLAGS=' -O3'
EU_SCFLAGS=' -pedantic -Wredundant-decls -Wshadow -Wpointer-arith -Wwrite-strings -Winit-self -Wconversion'
EU_SCXXFLAGS=' -pedantic -pedantic -Wredundant-decls -Wshadow -Wpointer-arith -Wwrite-strings -Woverloaded-virtual -Weffc++ -Winit-self -Wconversion'
EU_WCFLAGS=' -std=c99 -Wall -W'
EU_WCXXFLAGS=' -std=c++0x -std=c++11 -W -Wall'
EXEEXT=''
GREP='/usr/bin/grep'
INSTALL_DATA='${INSTALL} -m 644'
INSTALL_PROGRAM='${INSTALL}'
INSTALL_SCRIPT='${INSTALL}'
INSTALL_STRIP_PROGRAM='$(install_sh) -c -s'
LDFLAGS='-pie'
LIBOBJS=' ${LIBOBJDIR}memcmp$U.o ${LIBOBJDIR}lstat$U.o ${LIBOBJDIR}stat$U.o'
LIBS='-lext2_com_err -lext2fs '
LTLIBOBJS=' ${LIBOBJDIR}memcmp$U.lo ${LIBOBJDIR}lstat$U.lo ${LIBOBJDIR}stat$U.lo'
MAKEINFO='${SHELL} /home/exiahan/Developments/GitHub/FileRecovers/extundelete-code/missing --run makeinfo'
MKDIR_P='/usr/bin/mkdir -p'
OBJEXT='o'
PACKAGE='extundelete'
PACKAGE_BUGREPORT='extundelete.sourceforge.net'
PACKAGE_NAME='extundelete'
PACKAGE_STRING='extundelete 0.2.4'
PACKAGE_TARNAME='extundelete'
PACKAGE_URL=''
PACKAGE_VERSION='0.2.4'
PATH_SEPARATOR=':'
SET_MAKE=''
SHELL='/bin/sh'
STRIP='arm-linux-androideabi-strip'
VERSION='0.2.4'
ac_ct_CC=''
ac_ct_CXX=''
am__EXEEXT_FALSE=''
am__EXEEXT_TRUE='#'
am__fastdepCC_FALSE='#'
am__fastdepCC_TRUE=''
am__fastdepCXX_FALSE='#'
am__fastdepCXX_TRUE=''
am__include='include'
am__isrc=''
am__leading_dot='.'
am__nodep='_no'
am__quote=''
am__tar='$${TAR-tar} chof - "$$tardir"'
am__untar='$${TAR-tar} xf -'
bindir='${exec_prefix}/bin'
build_alias='x86_64-linux-gnu'
datadir='${datarootdir}'
datarootdir='${prefix}/share'
docdir='${datarootdir}/doc/${PACKAGE_TARNAME}'
dvidir='${docdir}'
exec_prefix='${prefix}'
host_alias='arm-linux-androideabi'
htmldir='${docdir}'
includedir='${prefix}/include'
infodir='${datarootdir}/info'
install_sh='${SHELL} /home/exiahan/Developments/GitHub/FileRecovers/extundelete-code/install-sh'
libdir='${exec_prefix}/lib'
libexecdir='${exec_prefix}/libexec'
localedir='${datarootdir}/locale'
localstatedir='${prefix}/var'
mandir='${datarootdir}/man'
mkdir_p='/usr/bin/mkdir -p'
oldincludedir='/usr/include'
pdfdir='${docdir}'
prefix='/usr/local'
program_transform_name='s,x,x,'
psdir='${docdir}'
sbindir='${exec_prefix}/sbin'
sharedstatedir='${prefix}/com'
sysconfdir='${prefix}/etc'
target_alias=''

## ----------- ##
## confdefs.h. ##
## ----------- ##

/* confdefs.h */
#define PACKAGE_NAME "extundelete"
#define PACKAGE_TARNAME "extundelete"
#define PACKAGE_VERSION "0.2.4"
#define PACKAGE_STRING "extundelete 0.2.4"
#define PACKAGE_BUGREPORT "extundelete.sourceforge.net"
#define PACKAGE_URL ""
#define PACKAGE "extundelete"
#define VERSION "0.2.4"
#define HAVE_LIBEXT2FS 1
#define HAVE_EXT2FS_GET_GENERIC_BITMAP_START 1
#define HAVE_EXT2FS_INODE_TABLE_LOC 1
#define HAVE_EXT2FS_EXTENT_OPEN2 1
#define HAVE_EXT2FS_BLOCKS_COUNT 1
#define HAVE_EXT2FS_GET_ARRAY 1
#define HAVE_EXT2FS_GET_GENERIC_BMAP_START 1
#define HAVE_EXT2FS_TEST_BLOCK_BITMAP2 1
#define HAVE_EXT2FS_BMAP2 1
#define HAVE_EXT2FS_TEST_BLOCK_BITMAP2 1
#define HAVE_EXT2FS_GROUP_OF_BLK2 1
#define HAVE_EXT2FS_READ_DIR_BLOCK3 1
#define HAVE_EXT2FS_TEST_INODE_BITMAP2 1
#define HAVE_LIBCOM_ERR 1
#define STDC_HEADERS 1
#define HAVE_SYS_TYPES_H 1
#define HAVE_SYS_STAT_H 1
#define HAVE_STDLIB_H 1
#define HAVE_STRING_H 1
#define HAVE_MEMORY_H 1
#define HAVE_STRINGS_H 1
#define HAVE_INTTYPES_H 1
#define HAVE_STDINT_H 1
#define HAVE_UNISTD_H 1
#define HAVE_FCNTL_H 1
#define HAVE_STDINT_H 1
#define HAVE_STRING_H 1
#define HAVE_UNISTD_H 1
#define HAVE_UTIME_H 1
#define HAVE_SYS_TYPES_H 1
#define HAVE_GETOPT_H 1
#define HAVE__BOOL 1
#define HAVE_STDBOOL_H 1
#define _FILE_OFFSET_BITS 64
#define HAVE_BLK64_T 1
#define HAVE_STAT_EMPTY_STRING_BUG 1
#define HAVE_MEMSET 1
#define HAVE_MKDIR 1
#define HAVE_STRERROR 1
#define HAVE_STRTOL 1
#define HAVE_STRTOUL 1

configure: exit 0
